Release 14.7 - xst P.20131013 (nt64)
Copyright (c) 1995-2013 Xilinx, Inc.  All rights reserved.
--> Parameter TMPDIR set to xst/projnav.tmp


Total REAL time to Xst completion: 0.00 secs
Total CPU time to Xst completion: 0.09 secs
 
--> Parameter xsthdpdir set to xst


Total REAL time to Xst completion: 0.00 secs
Total CPU time to Xst completion: 0.09 secs
 
--> Reading design: RegisterBank.prj

TABLE OF CONTENTS
  1) Synthesis Options Summary
  2) HDL Parsing
  3) HDL Elaboration
  4) HDL Synthesis
       4.1) HDL Synthesis Report
  5) Advanced HDL Synthesis
       5.1) Advanced HDL Synthesis Report
  6) Low Level Synthesis
  7) Partition Report
  8) Design Summary
       8.1) Primitive and Black Box Usage
       8.2) Device utilization summary
       8.3) Partition Resource Summary
       8.4) Timing Report
            8.4.1) Clock Information
            8.4.2) Asynchronous Control Signals Information
            8.4.3) Timing Summary
            8.4.4) Timing Details
            8.4.5) Cross Clock Domains Report


=========================================================================
*                      Synthesis Options Summary                        *
=========================================================================
---- Source Parameters
Input File Name                    : "RegisterBank.prj"
Ignore Synthesis Constraint File   : NO

---- Target Parameters
Output File Name                   : "RegisterBank"
Output Format                      : NGC
Target Device                      : xc6slx16-3-csg324

---- Source Options
Top Module Name                    : RegisterBank
Automatic FSM Extraction           : YES
FSM Encoding Algorithm             : Auto
Safe Implementation                : No
FSM Style                          : LUT
RAM Extraction                     : Yes
RAM Style                          : Auto
ROM Extraction                     : Yes
Shift Register Extraction          : YES
ROM Style                          : Auto
Resource Sharing                   : YES
Asynchronous To Synchronous        : NO
Shift Register Minimum Size        : 2
Use DSP Block                      : Auto
Automatic Register Balancing       : No

---- Target Options
LUT Combining                      : Auto
Reduce Control Sets                : Auto
Add IO Buffers                     : YES
Global Maximum Fanout              : 100000
Add Generic Clock Buffer(BUFG)     : 16
Register Duplication               : YES
Optimize Instantiated Primitives   : NO
Use Clock Enable                   : Auto
Use Synchronous Set                : Auto
Use Synchronous Reset              : Auto
Pack IO Registers into IOBs        : Auto
Equivalent register Removal        : YES

---- General Options
Optimization Goal                  : Speed
Optimization Effort                : 1
Power Reduction                    : NO
Keep Hierarchy                     : No
Netlist Hierarchy                  : As_Optimized
RTL Output                         : Yes
Global Optimization                : AllClockNets
Read Cores                         : YES
Write Timing Constraints           : NO
Cross Clock Analysis               : NO
Hierarchy Separator                : /
Bus Delimiter                      : <>
Case Specifier                     : Maintain
Slice Utilization Ratio            : 100
BRAM Utilization Ratio             : 100
DSP48 Utilization Ratio            : 100
Auto BRAM Packing                  : NO
Slice Utilization Ratio Delta      : 5

=========================================================================


=========================================================================
*                          HDL Parsing                                  *
=========================================================================
Analyzing Verilog file "C:\Users\u0694842\Desktop\oct14\Processor\Register.v" into library work
Parsing module <Register>.
Analyzing Verilog file "C:\Users\u0694842\Desktop\oct14\Processor\FourBitDecoder.v" into library work
Parsing module <FourBitDecoder>.
Analyzing Verilog file "C:\Users\u0694842\Desktop\oct14\Processor\RegisterBank.v" into library work
Parsing module <RegisterBank>.

=========================================================================
*                            HDL Elaboration                            *
=========================================================================

Elaborating module <RegisterBank>.

Elaborating module <FourBitDecoder>.

Elaborating module <Register>.

=========================================================================
*                           HDL Synthesis                               *
=========================================================================

Synthesizing Unit <RegisterBank>.
    Related source file is "C:\Users\u0694842\Desktop\oct14\Processor\RegisterBank.v".
    Summary:
	no macro.
Unit <RegisterBank> synthesized.

Synthesizing Unit <FourBitDecoder>.
    Related source file is "C:\Users\u0694842\Desktop\oct14\Processor\FourBitDecoder.v".
    Summary:
	inferred   1 Multiplexer(s).
Unit <FourBitDecoder> synthesized.

Synthesizing Unit <Register>.
    Related source file is "C:\Users\u0694842\Desktop\oct14\Processor\Register.v".
    Found 16-bit register for signal <DataOut>.
    Summary:
	inferred  16 D-type flip-flop(s).
Unit <Register> synthesized.

=========================================================================
HDL Synthesis Report

Macro Statistics
# Registers                                            : 16
 16-bit register                                       : 16
# Multiplexers                                         : 1
 16-bit 2-to-1 multiplexer                             : 1

=========================================================================

=========================================================================
*                       Advanced HDL Synthesis                          *
=========================================================================


=========================================================================
Advanced HDL Synthesis Report

Macro Statistics
# Registers                                            : 256
 Flip-Flops                                            : 256
# Multiplexers                                         : 1
 16-bit 2-to-1 multiplexer                             : 1

=========================================================================

=========================================================================
*                         Low Level Synthesis                           *
=========================================================================

Optimizing unit <RegisterBank> ...

Mapping all equations...
Building and optimizing final netlist ...
Found area constraint ratio of 100 (+ 5) on block RegisterBank, actual ratio is 4.

Final Macro Processing ...

=========================================================================
Final Register Report

Macro Statistics
# Registers                                            : 256
 Flip-Flops                                            : 256

=========================================================================

=========================================================================
*                           Partition Report                            *
=========================================================================

Partition Implementation Status
-------------------------------

  No Partitions were found in this design.

-------------------------------

=========================================================================
*                            Design Summary                             *
=========================================================================

Top Level Output File Name         : RegisterBank.ngc

Primitive and Black Box Usage:
------------------------------
# BELS                             : 16
#      LUT5                        : 16
# FlipFlops/Latches                : 256
#      FDRE                        : 256
# Clock Buffers                    : 1
#      BUFGP                       : 1
# IO Buffers                       : 278
#      IBUF                        : 22
#      OBUF                        : 256

Device utilization summary:
---------------------------

Selected Device : 6slx16csg324-3 


Slice Logic Utilization: 
 Number of Slice LUTs:                   16  out of   9112     0%  
    Number used as Logic:                16  out of   9112     0%  

Slice Logic Distribution: 
 Number of LUT Flip Flop pairs used:     16
   Number with an unused Flip Flop:      16  out of     16   100%  
   Number with an unused LUT:             0  out of     16     0%  
   Number of fully used LUT-FF pairs:     0  out of     16     0%  
   Number of unique control sets:        16

IO Utilization: 
 Number of IOs:                         279
 Number of bonded IOBs:                 279  out of    232   120% (*) 
    IOB Flip Flops/Latches:             256

Specific Feature Utilization:
 Number of BUFG/BUFGCTRLs:                1  out of     16     6%  

WARNING:Xst:1336 -  (*) More than 100% of Device resources are used

---------------------------
Partition Resource Summary:
---------------------------

  No Partitions were found in this design.

---------------------------


=========================================================================
Timing Report

NOTE: THESE TIMING NUMBERS ARE ONLY A SYNTHESIS ESTIMATE.
      FOR ACCURATE TIMING INFORMATION PLEASE REFER TO THE TRACE REPORT
      GENERATED AFTER PLACE-and-ROUTE.

Clock Information:
------------------
-----------------------------------+------------------------+-------+
Clock Signal                       | Clock buffer(FF name)  | Load  |
-----------------------------------+------------------------+-------+
Clock                              | BUFGP                  | 256   |
-----------------------------------+------------------------+-------+

Asynchronous Control Signals Information:
----------------------------------------
No asynchronous control signals found in this design

Timing Summary:
---------------
Speed Grade: -3

   Minimum period: No path found
   Minimum input arrival time before clock: 4.100ns
   Maximum output required time after clock: 3.597ns
   Maximum combinational path delay: No path found

Timing Details:
---------------
All values displayed in nanoseconds (ns)

=========================================================================
Timing constraint: Default OFFSET IN BEFORE for Clock 'Clock'
  Total number of paths / destination ports: 1792 / 768
-------------------------------------------------------------------------
Offset:              4.100ns (Levels of Logic = 2)
  Source:            RegSelect<0> (PAD)
  Destination:       Register15/DataOut_15 (FF)
  Destination Clock: Clock rising

  Data Path: RegSelect<0> to Register15/DataOut_15
                                Gate     Net
    Cell:in->out      fanout   Delay   Delay  Logical Name (Net Name)
    ----------------------------------------  ------------
     IBUF:I->O            16   1.222   1.349  RegSelect_0_IBUF (RegSelect_0_IBUF)
     LUT5:I0->O           16   0.203   1.004  decoder/Mmux_decodedEnable111 (decodedEnable<4>)
     FDRE:CE                   0.322          Register4/DataOut_0
    ----------------------------------------
    Total                      4.100ns (1.747ns logic, 2.353ns route)
                                       (42.6% logic, 57.4% route)

=========================================================================
Timing constraint: Default OFFSET OUT AFTER for Clock 'Clock'
  Total number of paths / destination ports: 256 / 256
-------------------------------------------------------------------------
Offset:              3.597ns (Levels of Logic = 1)
  Source:            Register0/DataOut_15 (FF)
  Destination:       Reg0<15> (PAD)
  Source Clock:      Clock rising

  Data Path: Register0/DataOut_15 to Reg0<15>
                                Gate     Net
    Cell:in->out      fanout   Delay   Delay  Logical Name (Net Name)
    ----------------------------------------  ------------
     FDRE:C->Q             1   0.447   0.579  Register0/DataOut_15 (Register0/DataOut_15)
     OBUF:I->O                 2.571          Reg0_15_OBUF (Reg0<15>)
    ----------------------------------------
    Total                      3.597ns (3.018ns logic, 0.579ns route)
                                       (83.9% logic, 16.1% route)

=========================================================================

Cross Clock Domains Report:
--------------------------

=========================================================================


Total REAL time to Xst completion: 9.00 secs
Total CPU time to Xst completion: 8.40 secs
 
--> 

Total memory usage is 256960 kilobytes

Number of errors   :    0 (   0 filtered)
Number of warnings :    1 (   0 filtered)
Number of infos    :    0 (   0 filtered)

